[debug] [2025-02-23T20:13:15.132Z] ----------------------------------------------------------------------
[debug] [2025-02-23T20:13:15.135Z] Command:       C:\Program Files\nodejs\node.exe C:\Users\Ahmed_Ajajeh\AppData\Roaming\npm\node_modules\firebase-tools\lib\bin\firebase.js deploy
[debug] [2025-02-23T20:13:15.135Z] CLI Version:   13.29.1
[debug] [2025-02-23T20:13:15.135Z] Platform:      win32
[debug] [2025-02-23T20:13:15.135Z] Node Version:  v20.8.0
[debug] [2025-02-23T20:13:15.135Z] Time:          Sun Feb 23 2025 23:13:15 GMT+0300 (GMT+03:00)
[debug] [2025-02-23T20:13:15.135Z] ----------------------------------------------------------------------
[debug] 
[debug] [2025-02-23T20:13:15.138Z] >>> [apiv2][query] GET https://firebase-public.firebaseio.com/cli.json [none]
[debug] [2025-02-23T20:13:15.227Z] > command requires scopes: ["email","openid","https://www.googleapis.com/auth/cloudplatformprojects.readonly","https://www.googleapis.com/auth/firebase","https://www.googleapis.com/auth/cloud-platform"]
[debug] [2025-02-23T20:13:15.228Z] > authorizing via signed-in user (ajajeh356@gmail.com)
[debug] [2025-02-23T20:13:15.228Z] [iam] checking project profinder-web for permissions ["firebase.projects.get","firebasehosting.sites.update"]
[debug] [2025-02-23T20:13:15.228Z] Checked if tokens are valid: false, expires at: 1739263027602
[debug] [2025-02-23T20:13:15.229Z] Checked if tokens are valid: false, expires at: 1739263027602
[debug] [2025-02-23T20:13:15.229Z] > refreshing access token with scopes: []
[debug] [2025-02-23T20:13:15.229Z] >>> [apiv2][query] POST https://www.googleapis.com/oauth2/v3/token [none]
[debug] [2025-02-23T20:13:15.230Z] >>> [apiv2][body] POST https://www.googleapis.com/oauth2/v3/token [omitted]
[debug] [2025-02-23T20:13:16.368Z] <<< [apiv2][status] GET https://firebase-public.firebaseio.com/cli.json 200
[debug] [2025-02-23T20:13:16.368Z] <<< [apiv2][body] GET https://firebase-public.firebaseio.com/cli.json {"cloudBuildErrorAfter":1594252800000,"cloudBuildWarnAfter":1590019200000,"defaultNode10After":1594252800000,"minVersion":"3.0.5","node8DeploysDisabledAfter":1613390400000,"node8RuntimeDisabledAfter":1615809600000,"node8WarnAfter":1600128000000}
[debug] [2025-02-23T20:13:16.421Z] <<< [apiv2][status] POST https://www.googleapis.com/oauth2/v3/token 200
[debug] [2025-02-23T20:13:16.421Z] <<< [apiv2][body] POST https://www.googleapis.com/oauth2/v3/token [omitted]
[debug] [2025-02-23T20:13:16.426Z] >>> [apiv2][query] POST https://cloudresourcemanager.googleapis.com/v1/projects/profinder-web:testIamPermissions [none]
[debug] [2025-02-23T20:13:16.426Z] >>> [apiv2][(partial)header] POST https://cloudresourcemanager.googleapis.com/v1/projects/profinder-web:testIamPermissions x-goog-quota-user=projects/profinder-web
[debug] [2025-02-23T20:13:16.426Z] >>> [apiv2][body] POST https://cloudresourcemanager.googleapis.com/v1/projects/profinder-web:testIamPermissions {"permissions":["firebase.projects.get","firebasehosting.sites.update"]}
[debug] [2025-02-23T20:13:17.844Z] <<< [apiv2][status] POST https://cloudresourcemanager.googleapis.com/v1/projects/profinder-web:testIamPermissions 200
[debug] [2025-02-23T20:13:17.844Z] <<< [apiv2][body] POST https://cloudresourcemanager.googleapis.com/v1/projects/profinder-web:testIamPermissions {"permissions":["firebase.projects.get","firebasehosting.sites.update"]}
[debug] [2025-02-23T20:13:17.844Z] Checked if tokens are valid: true, expires at: 1740345195421
[debug] [2025-02-23T20:13:17.845Z] Checked if tokens are valid: true, expires at: 1740345195421
[debug] [2025-02-23T20:13:17.845Z] >>> [apiv2][query] GET https://firebase.googleapis.com/v1beta1/projects/profinder-web [none]
[debug] [2025-02-23T20:13:19.282Z] <<< [apiv2][status] GET https://firebase.googleapis.com/v1beta1/projects/profinder-web 200
[debug] [2025-02-23T20:13:19.283Z] <<< [apiv2][body] GET https://firebase.googleapis.com/v1beta1/projects/profinder-web {"projectId":"profinder-web","projectNumber":"1027979339703","displayName":"Profinder-Web","name":"projects/profinder-web","resources":{"hostingSite":"profinder-web"},"state":"ACTIVE","etag":"1_4a9aafb9-fc97-43f1-a0c9-aaae57231a4d"}
[info] 
[info] === Deploying to 'profinder-web'...
[info] 
[info] i  deploying hosting 
[debug] [2025-02-23T20:13:19.288Z] Checked if tokens are valid: true, expires at: 1740345195421
[debug] [2025-02-23T20:13:19.288Z] Checked if tokens are valid: true, expires at: 1740345195421
[debug] [2025-02-23T20:13:19.288Z] >>> [apiv2][query] POST https://firebasehosting.googleapis.com/v1beta1/projects/-/sites/profinder-web/versions [none]
[debug] [2025-02-23T20:13:19.288Z] >>> [apiv2][body] POST https://firebasehosting.googleapis.com/v1beta1/projects/-/sites/profinder-web/versions {"status":"CREATED","labels":{"deployment-tool":"cli-firebase"}}
[debug] [2025-02-23T20:13:21.894Z] <<< [apiv2][status] POST https://firebasehosting.googleapis.com/v1beta1/projects/-/sites/profinder-web/versions 200
[debug] [2025-02-23T20:13:21.894Z] <<< [apiv2][body] POST https://firebasehosting.googleapis.com/v1beta1/projects/-/sites/profinder-web/versions {"name":"projects/1027979339703/sites/profinder-web/versions/9d73e63a95d5dfb9","status":"CREATED","config":{},"labels":{"deployment-tool":"cli-firebase"}}
[info] i  hosting[profinder-web]: beginning deploy... 
[info] i  hosting[profinder-web]: found 23 files in build 
[debug] [2025-02-23T20:13:21.908Z] [hosting] uploading with 200 concurrency
[debug] [2025-02-23T20:13:22.665Z] Checked if tokens are valid: true, expires at: 1740345195421
[debug] [2025-02-23T20:13:22.666Z] Checked if tokens are valid: true, expires at: 1740345195421
[debug] [2025-02-23T20:13:22.667Z] [hosting] hash cache [YnVpbGQ] stored for 23 files
[debug] [2025-02-23T20:13:22.667Z] [hosting][hash queue][FINAL] {"max":751,"min":3,"avg":43.391304347826086,"active":0,"complete":23,"success":23,"errored":0,"retried":0,"total":23,"elapsed":757}
[debug] [2025-02-23T20:13:22.667Z] >>> [apiv2][query] POST https://firebasehosting.googleapis.com/v1beta1/projects/1027979339703/sites/profinder-web/versions/9d73e63a95d5dfb9:populateFiles [none]
[debug] [2025-02-23T20:13:22.667Z] >>> [apiv2][body] POST https://firebasehosting.googleapis.com/v1beta1/projects/1027979339703/sites/profinder-web/versions/9d73e63a95d5dfb9:populateFiles {"files":{"/robots.txt":"b2090cf9761ef60aa06e4fab97679bd43dfa5e5df073701ead5879d7c68f1ec5\r","/manifest.json":"5723095b062c49de5a0fea21aa61e764693927a04686e69d52fce0473614e96d\r","/logo512.png":"ab96ba389b49ee88aa280642b91a0d72d19a868c6be687cc7b80be1031c05215\r","/logo192.png":"921a831fc0750b126251fa07557c57f0adf8541f30d744a502118749f18d3e0c\r","/favicon.ico":"035ab47d3b9a1ce47b0a15a6503baa8649128c89b8a24c40c2a3bca01f9a981c\r","/index.html":"9a6b3917ddf381ae7cb1ceadfd53ec5124efbd07a7131f7d0b644fd875a18394","/asset-manifest.json":"49446a13b6763a7b36ace81f86fc07e24b22ee62c6a69fd6bd4c72702457a0ed","/static/media/getFetch.c4cca45e22bc1b2c7d0d.cjs":"737b68cb08f8d61ec39e4556fa85e6a1d196ab615c22bc12f12db0e81c1c0a6b","/static/media/full-logo-image.58e94e6ba081600d30ea.png":"392cf136ad72fed0251d5d2112ba09b05f353c4d793eefba05b0f0cd439806e9","/static/media/full-logo-image-arabic.7319f6c3e0c6c31ed411.png":"9d0a4c154b98ed56d82a7329698f9d08104e18c7c9ada1e7cf643fb69e374e44","/static/media/full-logo-image-arabic-white.d1a5778f80f147b6e800.png":"57f6904c47a646c1a5ccb95469b876c64864f60c9f0f4d75215bfdfdc87f6886","/static/js/main.e0fe1d42.js.LICENSE.txt":"fd041fd6a0246a50e1d6e0aae783822db00cfc584fbf4bffd96751b339ee716e","/static/css/main.7cc00a1c.css":"9d318e8f19f5d8a44673f341e625cfe30b3ac7d5e40c0f5564bc8c98394665ed","/locales/en/translation.json":"5e4311afb9bd8d9970b6f36d370e7d095eb867ce7d17ed429f6dd52be65fa753","/static/css/main.7cc00a1c.css.map":"5bd50de9dabec1667dd96e1eda1b46aea9ffb8d99c7d5ef104d96a60970a5d1f","/locales/ar/translation.json":"d5941c2936e0f537b7f0b496b3eb77b8dd45c889a7dbc3ad0960c4d93a9a0caf","/static/media/full-logo-image-white.fb1065551d0c8e0a20e5.png":"9e443c9d09a3d6dfd8fdc133ea620b6db664d06647df2a0de7b4a44cd6c5dd84","/static/media/no-result.2abcde8d00354f014660.png":"1dfb64c73560fe9d64fdac8d4061099612b9a674b135f491fb55f2f9f31914e7","/static/media/job-hunt.c8427623055c107f979d.png":"98da8f1aa9b8ad4ce63839a432e3f05f8b13762d2f96ca95a22fe8f9116d7625","/static/media/coming-soon.0b0c49e9172a983c8eb2.png":"618d8ee0b70de0b57e5be76305042a9ca386df77fd0c83cce6d262d37825ba11","/static/media/illustration-5.8725fde26392853793de.png":"b3f1fa24f27547f1273299d88ac827213e31de4d79f12aadcfd8d42d70156b50","/static/js/main.e0fe1d42.js":"a24f0b794c3ee98ba4e50f8e30dc2d1a70acb4465178c870f327b718c0a3f7ab","/static/js/main.e0fe1d42.js.map":"3c9ac41d7b725203c3433a5a3637456c5541dcee2d7f33b2492994fb260b7fd0"}}
[debug] [2025-02-23T20:13:23.772Z] <<< [apiv2][status] POST https://firebasehosting.googleapis.com/v1beta1/projects/1027979339703/sites/profinder-web/versions/9d73e63a95d5dfb9:populateFiles 200
[debug] [2025-02-23T20:13:23.772Z] <<< [apiv2][body] POST https://firebasehosting.googleapis.com/v1beta1/projects/1027979339703/sites/profinder-web/versions/9d73e63a95d5dfb9:populateFiles {"uploadRequiredHashes":["5e4311afb9bd8d9970b6f36d370e7d095eb867ce7d17ed429f6dd52be65fa753","9a6b3917ddf381ae7cb1ceadfd53ec5124efbd07a7131f7d0b644fd875a18394","5bd50de9dabec1667dd96e1eda1b46aea9ffb8d99c7d5ef104d96a60970a5d1f","a24f0b794c3ee98ba4e50f8e30dc2d1a70acb4465178c870f327b718c0a3f7ab","3c9ac41d7b725203c3433a5a3637456c5541dcee2d7f33b2492994fb260b7fd0","49446a13b6763a7b36ace81f86fc07e24b22ee62c6a69fd6bd4c72702457a0ed","d5941c2936e0f537b7f0b496b3eb77b8dd45c889a7dbc3ad0960c4d93a9a0caf","9d318e8f19f5d8a44673f341e625cfe30b3ac7d5e40c0f5564bc8c98394665ed"],"uploadUrl":"https://upload-firebasehosting.googleapis.com/upload/sites/profinder-web/versions/9d73e63a95d5dfb9/files"}
[debug] [2025-02-23T20:13:23.773Z] Checked if tokens are valid: true, expires at: 1740345195421
[debug] [2025-02-23T20:13:23.773Z] Checked if tokens are valid: true, expires at: 1740345195421
[debug] [2025-02-23T20:13:23.773Z] Checked if tokens are valid: true, expires at: 1740345195421
[debug] [2025-02-23T20:13:23.773Z] Checked if tokens are valid: true, expires at: 1740345195421
[debug] [2025-02-23T20:13:23.773Z] Checked if tokens are valid: true, expires at: 1740345195421
[debug] [2025-02-23T20:13:23.773Z] Checked if tokens are valid: true, expires at: 1740345195421
[debug] [2025-02-23T20:13:23.773Z] Checked if tokens are valid: true, expires at: 1740345195421
[debug] [2025-02-23T20:13:23.773Z] Checked if tokens are valid: true, expires at: 1740345195421
[debug] [2025-02-23T20:13:23.774Z] Checked if tokens are valid: true, expires at: 1740345195421
[debug] [2025-02-23T20:13:23.774Z] Checked if tokens are valid: true, expires at: 1740345195421
[debug] [2025-02-23T20:13:23.774Z] Checked if tokens are valid: true, expires at: 1740345195421
[debug] [2025-02-23T20:13:23.774Z] Checked if tokens are valid: true, expires at: 1740345195421
[debug] [2025-02-23T20:13:23.774Z] Checked if tokens are valid: true, expires at: 1740345195421
[debug] [2025-02-23T20:13:23.774Z] Checked if tokens are valid: true, expires at: 1740345195421
[debug] [2025-02-23T20:13:23.774Z] Checked if tokens are valid: true, expires at: 1740345195421
[debug] [2025-02-23T20:13:23.774Z] Checked if tokens are valid: true, expires at: 1740345195421
[debug] [2025-02-23T20:13:23.774Z] >>> [apiv2][query] POST https://upload-firebasehosting.googleapis.com/upload/sites/profinder-web/versions/9d73e63a95d5dfb9/files/5e4311afb9bd8d9970b6f36d370e7d095eb867ce7d17ed429f6dd52be65fa753 [none]
[debug] [2025-02-23T20:13:23.774Z] >>> [apiv2][body] POST https://upload-firebasehosting.googleapis.com/upload/sites/profinder-web/versions/9d73e63a95d5dfb9/files/5e4311afb9bd8d9970b6f36d370e7d095eb867ce7d17ed429f6dd52be65fa753 [stream]
[debug] [2025-02-23T20:13:23.775Z] >>> [apiv2][query] POST https://upload-firebasehosting.googleapis.com/upload/sites/profinder-web/versions/9d73e63a95d5dfb9/files/9a6b3917ddf381ae7cb1ceadfd53ec5124efbd07a7131f7d0b644fd875a18394 [none]
[debug] [2025-02-23T20:13:23.775Z] >>> [apiv2][body] POST https://upload-firebasehosting.googleapis.com/upload/sites/profinder-web/versions/9d73e63a95d5dfb9/files/9a6b3917ddf381ae7cb1ceadfd53ec5124efbd07a7131f7d0b644fd875a18394 [stream]
[debug] [2025-02-23T20:13:23.776Z] >>> [apiv2][query] POST https://upload-firebasehosting.googleapis.com/upload/sites/profinder-web/versions/9d73e63a95d5dfb9/files/5bd50de9dabec1667dd96e1eda1b46aea9ffb8d99c7d5ef104d96a60970a5d1f [none]
[debug] [2025-02-23T20:13:23.776Z] >>> [apiv2][body] POST https://upload-firebasehosting.googleapis.com/upload/sites/profinder-web/versions/9d73e63a95d5dfb9/files/5bd50de9dabec1667dd96e1eda1b46aea9ffb8d99c7d5ef104d96a60970a5d1f [stream]
[debug] [2025-02-23T20:13:23.777Z] >>> [apiv2][query] POST https://upload-firebasehosting.googleapis.com/upload/sites/profinder-web/versions/9d73e63a95d5dfb9/files/a24f0b794c3ee98ba4e50f8e30dc2d1a70acb4465178c870f327b718c0a3f7ab [none]
[debug] [2025-02-23T20:13:23.777Z] >>> [apiv2][body] POST https://upload-firebasehosting.googleapis.com/upload/sites/profinder-web/versions/9d73e63a95d5dfb9/files/a24f0b794c3ee98ba4e50f8e30dc2d1a70acb4465178c870f327b718c0a3f7ab [stream]
[debug] [2025-02-23T20:13:23.778Z] >>> [apiv2][query] POST https://upload-firebasehosting.googleapis.com/upload/sites/profinder-web/versions/9d73e63a95d5dfb9/files/3c9ac41d7b725203c3433a5a3637456c5541dcee2d7f33b2492994fb260b7fd0 [none]
[debug] [2025-02-23T20:13:23.778Z] >>> [apiv2][body] POST https://upload-firebasehosting.googleapis.com/upload/sites/profinder-web/versions/9d73e63a95d5dfb9/files/3c9ac41d7b725203c3433a5a3637456c5541dcee2d7f33b2492994fb260b7fd0 [stream]
[debug] [2025-02-23T20:13:23.778Z] >>> [apiv2][query] POST https://upload-firebasehosting.googleapis.com/upload/sites/profinder-web/versions/9d73e63a95d5dfb9/files/49446a13b6763a7b36ace81f86fc07e24b22ee62c6a69fd6bd4c72702457a0ed [none]
[debug] [2025-02-23T20:13:23.778Z] >>> [apiv2][body] POST https://upload-firebasehosting.googleapis.com/upload/sites/profinder-web/versions/9d73e63a95d5dfb9/files/49446a13b6763a7b36ace81f86fc07e24b22ee62c6a69fd6bd4c72702457a0ed [stream]
[debug] [2025-02-23T20:13:23.779Z] >>> [apiv2][query] POST https://upload-firebasehosting.googleapis.com/upload/sites/profinder-web/versions/9d73e63a95d5dfb9/files/d5941c2936e0f537b7f0b496b3eb77b8dd45c889a7dbc3ad0960c4d93a9a0caf [none]
[debug] [2025-02-23T20:13:23.779Z] >>> [apiv2][body] POST https://upload-firebasehosting.googleapis.com/upload/sites/profinder-web/versions/9d73e63a95d5dfb9/files/d5941c2936e0f537b7f0b496b3eb77b8dd45c889a7dbc3ad0960c4d93a9a0caf [stream]
[debug] [2025-02-23T20:13:23.780Z] >>> [apiv2][query] POST https://upload-firebasehosting.googleapis.com/upload/sites/profinder-web/versions/9d73e63a95d5dfb9/files/9d318e8f19f5d8a44673f341e625cfe30b3ac7d5e40c0f5564bc8c98394665ed [none]
[debug] [2025-02-23T20:13:23.781Z] >>> [apiv2][body] POST https://upload-firebasehosting.googleapis.com/upload/sites/profinder-web/versions/9d73e63a95d5dfb9/files/9d318e8f19f5d8a44673f341e625cfe30b3ac7d5e40c0f5564bc8c98394665ed [stream]
[debug] [2025-02-23T20:13:23.781Z] [hosting][populate queue][FINAL] {"max":1109,"min":1109,"avg":1109,"active":0,"complete":1,"success":1,"errored":0,"retried":0,"total":1,"elapsed":1116}
[debug] [2025-02-23T20:13:23.781Z] [hosting] uploads queued: 8
[debug] [2025-02-23T20:13:25.600Z] <<< [apiv2][status] POST https://upload-firebasehosting.googleapis.com/upload/sites/profinder-web/versions/9d73e63a95d5dfb9/files/5bd50de9dabec1667dd96e1eda1b46aea9ffb8d99c7d5ef104d96a60970a5d1f 200
[debug] [2025-02-23T20:13:25.601Z] <<< [apiv2][body] POST https://upload-firebasehosting.googleapis.com/upload/sites/profinder-web/versions/9d73e63a95d5dfb9/files/5bd50de9dabec1667dd96e1eda1b46aea9ffb8d99c7d5ef104d96a60970a5d1f [stream]
[debug] [2025-02-23T20:13:25.617Z] <<< [apiv2][status] POST https://upload-firebasehosting.googleapis.com/upload/sites/profinder-web/versions/9d73e63a95d5dfb9/files/5e4311afb9bd8d9970b6f36d370e7d095eb867ce7d17ed429f6dd52be65fa753 200
[debug] [2025-02-23T20:13:25.617Z] <<< [apiv2][body] POST https://upload-firebasehosting.googleapis.com/upload/sites/profinder-web/versions/9d73e63a95d5dfb9/files/5e4311afb9bd8d9970b6f36d370e7d095eb867ce7d17ed429f6dd52be65fa753 [stream]
[debug] [2025-02-23T20:13:25.707Z] <<< [apiv2][status] POST https://upload-firebasehosting.googleapis.com/upload/sites/profinder-web/versions/9d73e63a95d5dfb9/files/d5941c2936e0f537b7f0b496b3eb77b8dd45c889a7dbc3ad0960c4d93a9a0caf 200
[debug] [2025-02-23T20:13:25.708Z] <<< [apiv2][body] POST https://upload-firebasehosting.googleapis.com/upload/sites/profinder-web/versions/9d73e63a95d5dfb9/files/d5941c2936e0f537b7f0b496b3eb77b8dd45c889a7dbc3ad0960c4d93a9a0caf [stream]
[debug] [2025-02-23T20:13:25.789Z] <<< [apiv2][status] POST https://upload-firebasehosting.googleapis.com/upload/sites/profinder-web/versions/9d73e63a95d5dfb9/files/9d318e8f19f5d8a44673f341e625cfe30b3ac7d5e40c0f5564bc8c98394665ed 200
[debug] [2025-02-23T20:13:25.789Z] <<< [apiv2][body] POST https://upload-firebasehosting.googleapis.com/upload/sites/profinder-web/versions/9d73e63a95d5dfb9/files/9d318e8f19f5d8a44673f341e625cfe30b3ac7d5e40c0f5564bc8c98394665ed [stream]
[debug] [2025-02-23T20:13:25.989Z] <<< [apiv2][status] POST https://upload-firebasehosting.googleapis.com/upload/sites/profinder-web/versions/9d73e63a95d5dfb9/files/9a6b3917ddf381ae7cb1ceadfd53ec5124efbd07a7131f7d0b644fd875a18394 200
[debug] [2025-02-23T20:13:25.989Z] <<< [apiv2][body] POST https://upload-firebasehosting.googleapis.com/upload/sites/profinder-web/versions/9d73e63a95d5dfb9/files/9a6b3917ddf381ae7cb1ceadfd53ec5124efbd07a7131f7d0b644fd875a18394 [stream]
[debug] [2025-02-23T20:13:26.059Z] <<< [apiv2][status] POST https://upload-firebasehosting.googleapis.com/upload/sites/profinder-web/versions/9d73e63a95d5dfb9/files/49446a13b6763a7b36ace81f86fc07e24b22ee62c6a69fd6bd4c72702457a0ed 200
[debug] [2025-02-23T20:13:26.059Z] <<< [apiv2][body] POST https://upload-firebasehosting.googleapis.com/upload/sites/profinder-web/versions/9d73e63a95d5dfb9/files/49446a13b6763a7b36ace81f86fc07e24b22ee62c6a69fd6bd4c72702457a0ed [stream]
[debug] [2025-02-23T20:13:26.220Z] <<< [apiv2][status] POST https://upload-firebasehosting.googleapis.com/upload/sites/profinder-web/versions/9d73e63a95d5dfb9/files/a24f0b794c3ee98ba4e50f8e30dc2d1a70acb4465178c870f327b718c0a3f7ab 200
[debug] [2025-02-23T20:13:26.220Z] <<< [apiv2][body] POST https://upload-firebasehosting.googleapis.com/upload/sites/profinder-web/versions/9d73e63a95d5dfb9/files/a24f0b794c3ee98ba4e50f8e30dc2d1a70acb4465178c870f327b718c0a3f7ab [stream]
[debug] [2025-02-23T20:13:28.939Z] <<< [apiv2][status] POST https://upload-firebasehosting.googleapis.com/upload/sites/profinder-web/versions/9d73e63a95d5dfb9/files/3c9ac41d7b725203c3433a5a3637456c5541dcee2d7f33b2492994fb260b7fd0 200
[debug] [2025-02-23T20:13:28.939Z] <<< [apiv2][body] POST https://upload-firebasehosting.googleapis.com/upload/sites/profinder-web/versions/9d73e63a95d5dfb9/files/3c9ac41d7b725203c3433a5a3637456c5541dcee2d7f33b2492994fb260b7fd0 [stream]
[debug] [2025-02-23T20:13:28.940Z] [hosting][upload queue][FINAL] {"max":5166,"min":1828,"avg":2467.125,"active":0,"complete":8,"success":8,"errored":0,"retried":0,"total":8,"elapsed":5168}
[info] +  hosting[profinder-web]: file upload complete 
[debug] [2025-02-23T20:13:28.941Z] [hosting] deploy completed after 7045ms
[debug] [2025-02-23T20:13:28.941Z] [
  {
    "config": {
      "public": "build",
      "ignore": [
        "firebase.json",
        "**/.*",
        "**/node_modules/**"
      ],
      "rewrites": [
        {
          "source": "**",
          "destination": "/index.html"
        }
      ],
      "site": "profinder-web"
    },
    "version": "projects/1027979339703/sites/profinder-web/versions/9d73e63a95d5dfb9"
  }
]
[info] i  hosting[profinder-web]: finalizing version... 
[debug] [2025-02-23T20:13:28.942Z] Checked if tokens are valid: true, expires at: 1740345195421
[debug] [2025-02-23T20:13:28.942Z] Checked if tokens are valid: true, expires at: 1740345195421
[debug] [2025-02-23T20:13:28.943Z] >>> [apiv2][query] PATCH https://firebasehosting.googleapis.com/v1beta1/projects/-/sites/profinder-web/versions/9d73e63a95d5dfb9 updateMask=status%2Cconfig
[debug] [2025-02-23T20:13:28.943Z] >>> [apiv2][body] PATCH https://firebasehosting.googleapis.com/v1beta1/projects/-/sites/profinder-web/versions/9d73e63a95d5dfb9 {"status":"FINALIZED","config":{"rewrites":[{"glob":"**","path":"/index.html"}]}}
[debug] [2025-02-23T20:13:33.337Z] <<< [apiv2][status] PATCH https://firebasehosting.googleapis.com/v1beta1/projects/-/sites/profinder-web/versions/9d73e63a95d5dfb9 200
[debug] [2025-02-23T20:13:33.337Z] <<< [apiv2][body] PATCH https://firebasehosting.googleapis.com/v1beta1/projects/-/sites/profinder-web/versions/9d73e63a95d5dfb9 {"name":"projects/1027979339703/sites/profinder-web/versions/9d73e63a95d5dfb9","status":"FINALIZED","config":{"rewrites":[{"glob":"**","path":"/index.html"}]},"labels":{"deployment-tool":"cli-firebase"},"createTime":"2025-02-23T20:13:21.360876Z","createUser":{"email":"ajajeh356@gmail.com"},"finalizeTime":"2025-02-23T20:13:30.808132Z","finalizeUser":{"email":"ajajeh356@gmail.com"}}
[debug] [2025-02-23T20:13:33.337Z] [hosting] finalized version for profinder-web:[object Object]
[info] +  hosting[profinder-web]: version finalized 
[info] i  hosting[profinder-web]: releasing new version... 
[debug] [2025-02-23T20:13:33.337Z] Checked if tokens are valid: true, expires at: 1740345195421
[debug] [2025-02-23T20:13:33.337Z] Checked if tokens are valid: true, expires at: 1740345195421
[debug] [2025-02-23T20:13:33.338Z] >>> [apiv2][query] POST https://firebasehosting.googleapis.com/v1beta1/projects/-/sites/profinder-web/channels/live/releases versionName=projects%2F1027979339703%2Fsites%2Fprofinder-web%2Fversions%2F9d73e63a95d5dfb9
[debug] [2025-02-23T20:13:33.338Z] >>> [apiv2][body] POST https://firebasehosting.googleapis.com/v1beta1/projects/-/sites/profinder-web/channels/live/releases {}
[debug] [2025-02-23T20:13:41.814Z] <<< [apiv2][status] POST https://firebasehosting.googleapis.com/v1beta1/projects/-/sites/profinder-web/channels/live/releases 200
[debug] [2025-02-23T20:13:41.814Z] <<< [apiv2][body] POST https://firebasehosting.googleapis.com/v1beta1/projects/-/sites/profinder-web/channels/live/releases {"name":"projects/1027979339703/sites/profinder-web/channels/live/releases/1740341613712000","version":{"name":"projects/1027979339703/sites/profinder-web/versions/9d73e63a95d5dfb9","status":"FINALIZED","config":{"rewrites":[{"glob":"**","path":"/index.html"}]},"labels":{"deployment-tool":"cli-firebase"},"createTime":"2025-02-23T20:13:21.360876Z","createUser":{"email":"ajajeh356@gmail.com","imageUrl":"https://lh3.googleusercontent.com/a/ACg8ocJbRJdAy2lR4Rv8THVoCmykD_nSxR5Se_lQwvaA5n5BivZ8eyDt"},"finalizeTime":"2025-02-23T20:13:30.808132Z","finalizeUser":{"email":"ajajeh356@gmail.com","imageUrl":"https://lh3.googleusercontent.com/a/ACg8ocJbRJdAy2lR4Rv8THVoCmykD_nSxR5Se_lQwvaA5n5BivZ8eyDt"}},"type":"DEPLOY","releaseTime":"2025-02-23T20:13:33.712Z","releaseUser":{"email":"ajajeh356@gmail.com","imageUrl":"https://lh3.googleusercontent.com/a/ACg8ocJbRJdAy2lR4Rv8THVoCmykD_nSxR5Se_lQwvaA5n5BivZ8eyDt"}}
[debug] [2025-02-23T20:13:41.814Z] [hosting] release: {"name":"projects/1027979339703/sites/profinder-web/channels/live/releases/1740341613712000","version":{"name":"projects/1027979339703/sites/profinder-web/versions/9d73e63a95d5dfb9","status":"FINALIZED","config":{"rewrites":[{"glob":"**","path":"/index.html"}]},"labels":{"deployment-tool":"cli-firebase"},"createTime":"2025-02-23T20:13:21.360876Z","createUser":{"email":"ajajeh356@gmail.com","imageUrl":"https://lh3.googleusercontent.com/a/ACg8ocJbRJdAy2lR4Rv8THVoCmykD_nSxR5Se_lQwvaA5n5BivZ8eyDt"},"finalizeTime":"2025-02-23T20:13:30.808132Z","finalizeUser":{"email":"ajajeh356@gmail.com","imageUrl":"https://lh3.googleusercontent.com/a/ACg8ocJbRJdAy2lR4Rv8THVoCmykD_nSxR5Se_lQwvaA5n5BivZ8eyDt"}},"type":"DEPLOY","releaseTime":"2025-02-23T20:13:33.712Z","releaseUser":{"email":"ajajeh356@gmail.com","imageUrl":"https://lh3.googleusercontent.com/a/ACg8ocJbRJdAy2lR4Rv8THVoCmykD_nSxR5Se_lQwvaA5n5BivZ8eyDt"}}
[info] +  hosting[profinder-web]: release complete 
[info] 
[info] +  Deploy complete! 
[info] 
[info] Project Console: https://console.firebase.google.com/project/profinder-web/overview
[info] Hosting URL: https://profinder-web.web.app
[debug] [2025-02-23T20:14:08.587Z] Error: Timed out.
    at Timeout._onTimeout (C:\Users\Ahmed_Ajajeh\AppData\Roaming\npm\node_modules\firebase-tools\lib\utils.js:269:49)
    at listOnTimeout (node:internal/timers:573:17)
    at process.processTimers (node:internal/timers:514:7)
[error] 
[error] Error: An unexpected error has occurred.
